[debug] [2025-12-15T19:58:36.300Z] ----------------------------------------------------------------------
[debug] [2025-12-15T19:58:36.303Z] Command:       /nix/store/ws50yvm6vzlzf7jzz6n7xh4szddrack1-nodejs-20.19.1/bin/node /nix/store/c776mhyhgykcld7p90ajrka149ifn61a-firebase-tools-14.26.0/lib/node_modules/firebase-tools/lib/bin/firebase.js emulators:start --only functions
[debug] [2025-12-15T19:58:36.303Z] CLI Version:   14.26.0
[debug] [2025-12-15T19:58:36.304Z] Platform:      linux
[debug] [2025-12-15T19:58:36.304Z] Node Version:  v20.19.1
[debug] [2025-12-15T19:58:36.304Z] Time:          Mon Dec 15 2025 19:58:36 GMT+0000 (Coordinated Universal Time)
[debug] [2025-12-15T19:58:36.304Z] ----------------------------------------------------------------------
[debug] 
[debug] [2025-12-15T19:58:36.883Z] Checked if tokens are valid: false, expires at: 1765815555579
[debug] [2025-12-15T19:58:36.883Z] Checked if tokens are valid: false, expires at: 1765815555579
[debug] [2025-12-15T19:58:36.884Z] > refreshing access token with scopes: []
[debug] [2025-12-15T19:58:36.887Z] >>> [apiv2][query] POST https://www.googleapis.com/oauth2/v3/token [none]
[debug] [2025-12-15T19:58:36.887Z] >>> [apiv2][body] POST https://www.googleapis.com/oauth2/v3/token [omitted]
[debug] [2025-12-15T19:58:36.989Z] <<< [apiv2][status] POST https://www.googleapis.com/oauth2/v3/token 200
[debug] [2025-12-15T19:58:36.989Z] <<< [apiv2][body] POST https://www.googleapis.com/oauth2/v3/token [omitted]
[debug] [2025-12-15T19:58:37.004Z] >>> [apiv2][query] GET https://monospace-pa.googleapis.com/v1/workspaces/evanparra-portfolio-85766309 [none]
[debug] [2025-12-15T19:58:37.789Z] <<< [apiv2][status] GET https://monospace-pa.googleapis.com/v1/workspaces/evanparra-portfolio-85766309 200
[debug] [2025-12-15T19:58:37.790Z] <<< [apiv2][body] GET https://monospace-pa.googleapis.com/v1/workspaces/evanparra-portfolio-85766309 {"workspaceId":"evanparra-portfolio-85766309","name":"evanparra-portfolio","workspaceRedirectUrl":"firebase-evanparra-portfolio-1761680416784.cluster-snsfkmugybbxuq5dud6gw42tvk.cloudworkstations.dev","status":"WORKSPACE_STATUS_RUNNING","lastAccessDatetime":"2025-12-15T18:59:52.438788Z","workspaceTemplate":"WORKSPACE_TEMPLATE_BLANK_WEB","owner":"SELF","serviceAccountEmail":"msp-9143905305401822014@monospace-3.iam.gserviceaccount.com","gitRepoUrl":"https://github.com/DevDizzle/evanparra-portfolio","enableNix":true,"ownerEmail":"eraphaelparra@gmail.com","workstationAccessToken":"eyJhbGciOiJSUzI1NiIsInR5cCI6IkpXVCJ9.eyJpc3MiOiJodHRwczovL2Nsb3VkLmdvb2dsZS5jb20vd29ya3N0YXRpb25zIiwiYXVkIjoiZmlyZWJhc2UtZXZhbnBhcnJhLXBvcnRmb2xpby0xNzYxNjgwNDE2Nzg0LmNsdXN0ZXItc25zZmttdWd5YmJ4dXE1ZHVkNmd3NDJ0dmsuY2xvdWR3b3Jrc3RhdGlvbnMuZGV2IiwiaWF0IjoxNzY1ODI4NzE3LCJleHAiOjE3NjU5MTUxMTd9.pgcLEY7CW01-sAb9QpLcLfEF9fQCfmofPxkpYb63P3cwVVAiAi0MvdMi0rD5nwRrECS_QHxAkuSOGfiVR8cj8EGFGZiyKbTs2O6K885WFgozDFNXyODhBcrZJoPnG_WwT8VI40TmH9I2Y9V0x1pdl0zv0KilTjkLr3qkmtA0wMsOpsj-uHSOJfu9_R_dbA4Cbz_G2tZSr56nFS9fcGxaNunqRDQzRjLC2ViK66CXETnf6hoD0bTYr29E_blE76B0I6H30CN1BKCCkoxVkMFJ0NL6TVhJ96JgPEhCaKjGeQW3WIeb3j4hH8fzHg1bYiHV00bvu7Pd3P8e9nXMmhv42Q","firebaseProjectId":"evanparra-portfolio-8576-3a8bf"}
[debug] [2025-12-15T19:58:37.795Z] > command requires scopes: ["email","openid","https://www.googleapis.com/auth/cloudplatformprojects.readonly","https://www.googleapis.com/auth/firebase","https://www.googleapis.com/auth/cloud-platform","https://www.googleapis.com/auth/userinfo.email"]
[debug] [2025-12-15T19:58:37.795Z] > authorizing via signed-in user (eraphaelparra@gmail.com)
[info] i  emulators: Starting emulators: functions {"metadata":{"emulator":{"name":"hub"},"message":"Starting emulators: functions"}}
[warn] ⚠  hub: Error when trying to check port 4400 on ::1: Error: listen EADDRNOTAVAIL: address not available ::1:4400 {"metadata":{"emulator":{"name":"hub"},"message":"Error when trying to check port 4400 on ::1: Error: listen EADDRNOTAVAIL: address not available ::1:4400"}}
[warn] ⚠  hub: Port 4400 is available on 127.0.0.1 but not ::1. This may cause issues with some clients. {"metadata":{"emulator":{"name":"hub"},"message":"Port 4400 is available on 127.0.0.1 but not ::1. This may cause issues with some clients."}}
[warn] ⚠  hub: If you encounter connectivity issues, consider switching to a different port or explicitly specifying "host": "<ip address>" instead of hostname in firebase.json {"metadata":{"emulator":{"name":"hub"},"message":"If you encounter connectivity issues, consider switching to a different port or explicitly specifying \u001b[33m\"host\": \"<ip address>\"\u001b[39m instead of hostname in firebase.json"}}
[warn] ⚠  ui: Error when trying to check port 4000 on ::1: Error: listen EADDRNOTAVAIL: address not available ::1:4000 {"metadata":{"emulator":{"name":"ui"},"message":"Error when trying to check port 4000 on ::1: Error: listen EADDRNOTAVAIL: address not available ::1:4000"}}
[warn] ⚠  ui: Port 4000 is available on 127.0.0.1 but not ::1. This may cause issues with some clients. {"metadata":{"emulator":{"name":"ui"},"message":"Port 4000 is available on 127.0.0.1 but not ::1. This may cause issues with some clients."}}
[warn] ⚠  ui: If you encounter connectivity issues, consider switching to a different port or explicitly specifying "host": "<ip address>" instead of hostname in firebase.json {"metadata":{"emulator":{"name":"ui"},"message":"If you encounter connectivity issues, consider switching to a different port or explicitly specifying \u001b[33m\"host\": \"<ip address>\"\u001b[39m instead of hostname in firebase.json"}}
[warn] ⚠  logging: Error when trying to check port 4500 on ::1: Error: listen EADDRNOTAVAIL: address not available ::1:4500 {"metadata":{"emulator":{"name":"logging"},"message":"Error when trying to check port 4500 on ::1: Error: listen EADDRNOTAVAIL: address not available ::1:4500"}}
[warn] ⚠  logging: Port 4500 is available on 127.0.0.1 but not ::1. This may cause issues with some clients. {"metadata":{"emulator":{"name":"logging"},"message":"Port 4500 is available on 127.0.0.1 but not ::1. This may cause issues with some clients."}}
[warn] ⚠  logging: If you encounter connectivity issues, consider switching to a different port or explicitly specifying "host": "<ip address>" instead of hostname in firebase.json {"metadata":{"emulator":{"name":"logging"},"message":"If you encounter connectivity issues, consider switching to a different port or explicitly specifying \u001b[33m\"host\": \"<ip address>\"\u001b[39m instead of hostname in firebase.json"}}
[debug] [2025-12-15T19:58:37.809Z] assigned listening specs for emulators {"user":{"hub":[{"address":"127.0.0.1","family":"IPv4","port":4400}],"ui":[{"address":"127.0.0.1","family":"IPv4","port":4000}],"logging":[{"address":"127.0.0.1","family":"IPv4","port":4500}]},"metadata":{"message":"assigned listening specs for emulators"}}
[debug] [2025-12-15T19:58:37.817Z] Emulator locator file path: /tmp/hub-evanparra-portfolio-8576-3a8bf.json
[debug] [2025-12-15T19:58:37.818Z] [hub] writing locator at /tmp/hub-evanparra-portfolio-8576-3a8bf.json
[warn] ⚠  functions: Error when trying to check port 5001 on ::1: Error: listen EADDRNOTAVAIL: address not available ::1:5001 {"metadata":{"emulator":{"name":"functions"},"message":"Error when trying to check port 5001 on ::1: Error: listen EADDRNOTAVAIL: address not available ::1:5001"}}
[warn] ⚠  functions: Port 5001 is available on 127.0.0.1 but not ::1. This may cause issues with some clients. {"metadata":{"emulator":{"name":"functions"},"message":"Port 5001 is available on 127.0.0.1 but not ::1. This may cause issues with some clients."}}
[warn] ⚠  functions: If you encounter connectivity issues, consider switching to a different port or explicitly specifying "host": "<ip address>" instead of hostname in firebase.json {"metadata":{"emulator":{"name":"functions"},"message":"If you encounter connectivity issues, consider switching to a different port or explicitly specifying \u001b[33m\"host\": \"<ip address>\"\u001b[39m instead of hostname in firebase.json"}}
[warn] ⚠  eventarc: Error when trying to check port 9299 on ::1: Error: listen EADDRNOTAVAIL: address not available ::1:9299 {"metadata":{"emulator":{"name":"eventarc"},"message":"Error when trying to check port 9299 on ::1: Error: listen EADDRNOTAVAIL: address not available ::1:9299"}}
[warn] ⚠  eventarc: Port 9299 is available on 127.0.0.1 but not ::1. This may cause issues with some clients. {"metadata":{"emulator":{"name":"eventarc"},"message":"Port 9299 is available on 127.0.0.1 but not ::1. This may cause issues with some clients."}}
[warn] ⚠  eventarc: If you encounter connectivity issues, consider switching to a different port or explicitly specifying "host": "<ip address>" instead of hostname in firebase.json {"metadata":{"emulator":{"name":"eventarc"},"message":"If you encounter connectivity issues, consider switching to a different port or explicitly specifying \u001b[33m\"host\": \"<ip address>\"\u001b[39m instead of hostname in firebase.json"}}
[warn] ⚠  tasks: Error when trying to check port 9499 on ::1: Error: listen EADDRNOTAVAIL: address not available ::1:9499 {"metadata":{"emulator":{"name":"tasks"},"message":"Error when trying to check port 9499 on ::1: Error: listen EADDRNOTAVAIL: address not available ::1:9499"}}
[warn] ⚠  tasks: Port 9499 is available on 127.0.0.1 but not ::1. This may cause issues with some clients. {"metadata":{"emulator":{"name":"tasks"},"message":"Port 9499 is available on 127.0.0.1 but not ::1. This may cause issues with some clients."}}
[warn] ⚠  tasks: If you encounter connectivity issues, consider switching to a different port or explicitly specifying "host": "<ip address>" instead of hostname in firebase.json {"metadata":{"emulator":{"name":"tasks"},"message":"If you encounter connectivity issues, consider switching to a different port or explicitly specifying \u001b[33m\"host\": \"<ip address>\"\u001b[39m instead of hostname in firebase.json"}}
[debug] [2025-12-15T19:58:37.836Z] late-assigned ports for functions and eventarc emulators {"user":{"hub":[{"address":"127.0.0.1","family":"IPv4","port":4400}],"ui":[{"address":"127.0.0.1","family":"IPv4","port":4000}],"logging":[{"address":"127.0.0.1","family":"IPv4","port":4500}],"functions":[{"address":"127.0.0.1","family":"IPv4","port":5001}],"eventarc":[{"address":"127.0.0.1","family":"IPv4","port":9299}],"tasks":[{"address":"127.0.0.1","family":"IPv4","port":9499}]},"metadata":{"message":"late-assigned ports for functions and eventarc emulators"}}
[warn] ⚠  functions: The following emulators are not running, calls to these services from the Functions emulator will affect production: apphosting, auth, firestore, database, hosting, pubsub, storage, dataconnect {"metadata":{"emulator":{"name":"functions"},"message":"The following emulators are not running, calls to these services from the Functions emulator will affect production: \u001b[1mapphosting, auth, firestore, database, hosting, pubsub, storage, dataconnect\u001b[22m"}}
[warn] ⚠  functions: Application Default Credentials detected. Non-emulated services will access production using these credentials. Be careful! {"metadata":{"emulator":{"name":"functions"},"message":"Application Default Credentials detected. Non-emulated services will access production using these credentials. Be careful!"}}
[debug] [2025-12-15T19:58:52.477Z] Checked if tokens are valid: true, expires at: 1765832315989
[debug] [2025-12-15T19:58:52.477Z] Checked if tokens are valid: true, expires at: 1765832315989
[debug] [2025-12-15T19:58:52.478Z] >>> [apiv2][query] GET https://firebase.googleapis.com/v1beta1/projects/evanparra-portfolio-8576-3a8bf/adminSdkConfig [none]
[debug] [2025-12-15T19:58:52.657Z] <<< [apiv2][status] GET https://firebase.googleapis.com/v1beta1/projects/evanparra-portfolio-8576-3a8bf/adminSdkConfig 200
[debug] [2025-12-15T19:58:52.657Z] <<< [apiv2][body] GET https://firebase.googleapis.com/v1beta1/projects/evanparra-portfolio-8576-3a8bf/adminSdkConfig {"projectId":"evanparra-portfolio-8576-3a8bf","storageBucket":"evanparra-portfolio-8576-3a8bf.firebasestorage.app"}
[info] i  functions: Watching "/home/user/evanparra-portfolio/functions" for Cloud Functions... {"metadata":{"emulator":{"name":"functions"},"message":"Watching \"/home/user/evanparra-portfolio/functions\" for Cloud Functions..."}}
[debug] [2025-12-15T19:58:52.720Z] Validating nodejs source
[debug] [2025-12-15T19:58:54.008Z] > [functions] package.json contents: {
  "name": "functions",
  "description": "Cloud Functions for Firebase",
  "engines": {
    "node": "22"
  },
  "main": "lib/index.js",
  "scripts": {
    "build": "tsc",
    "serve": "npm run build && firebase emulators:start --only functions",
    "shell": "npm run build && firebase functions:shell",
    "start": "npm run shell",
    "deploy": "firebase deploy --only functions",
    "logs": "firebase functions:log"
  },
  "dependencies": {
    "@genkit-ai/firebase": "^1.26.0",
    "@genkit-ai/googleai": "^1.26.0",
    "cors": "^2.8.5",
    "firebase-admin": "^13.6.0",
    "firebase-functions": "^7.0.1",
    "genkit": "^1.26.0",
    "zod": "^3.23.8"
  },
  "devDependencies": {
    "@types/cors": "^2.8.19",
    "dotenv": "^17.2.3",
    "firebase-functions-test": "^3.4.1",
    "typescript": "^5.4.5"
  },
  "private": true
}
[debug] [2025-12-15T19:58:54.009Z] Building nodejs source
[debug] [2025-12-15T19:58:54.009Z] Failed to find version of module node: reached end of search path /home/user/evanparra-portfolio/functions/node_modules
[warn] ⚠  functions: Your requested "node" version "22" doesn't match your global version "20". Using node@20 from host. 
[info] i  functions: Loaded environment variables from .env. 
[debug] [2025-12-15T19:58:54.036Z] Could not find functions.yaml. Must use http discovery
[debug] [2025-12-15T19:58:54.040Z] Found firebase-functions binary at '/home/user/evanparra-portfolio/functions/node_modules/.bin/firebase-functions'
[debug] [2025-12-15T19:58:54.533Z] Eventarc emulator received unknown request at path / {"metadata":{"emulator":{"name":"eventarc"},"message":"Eventarc emulator received unknown request at path /"}}
[info] Serving at port 8998

[debug] [2025-12-15T19:58:54.611Z] Functions emulator received unknown request at path /
[debug] [2025-12-15T19:58:57.879Z] Got response from /__/functions.yaml {"endpoints":{"bookingAgentFlow":{"availableMemoryMb":null,"timeoutSeconds":null,"minInstances":null,"maxInstances":null,"ingressSettings":null,"concurrency":null,"serviceAccountEmail":null,"vpc":null,"platform":"gcfv2","secretEnvironmentVariables":[{"key":"GOOGLE_GENAI_API_KEY"}],"labels":{},"callableTrigger":{},"entryPoint":"bookingAgentFlow"},"visionAnalysisFlow":{"availableMemoryMb":1024,"timeoutSeconds":60,"minInstances":null,"maxInstances":null,"ingressSettings":null,"concurrency":null,"serviceAccountEmail":null,"vpc":null,"platform":"gcfv2","secretEnvironmentVariables":[{"key":"GOOGLE_GENAI_API_KEY"}],"labels":{},"callableTrigger":{},"entryPoint":"visionAnalysisFlow"},"submitForm":{"availableMemoryMb":null,"timeoutSeconds":null,"minInstances":null,"maxInstances":null,"ingressSettings":null,"concurrency":null,"serviceAccountEmail":null,"vpc":null,"platform":"gcfv2","labels":{},"httpsTrigger":{},"entryPoint":"submitForm"}},"specVersion":"v1alpha1","requiredAPIs":[],"extensions":{}}
[info] ✔  functions: Loaded functions definitions from source: bookingAgentFlow, visionAnalysisFlow, submitForm. {"metadata":{"emulator":{"name":"functions"},"message":"Loaded functions definitions from source: bookingAgentFlow, visionAnalysisFlow, submitForm."}}
[info] ✔  functions[us-central1-bookingAgentFlow]: http function initialized (http://127.0.0.1:5001/evanparra-portfolio-8576-3a8bf/us-central1/bookingAgentFlow). {"metadata":{"emulator":{"name":"functions"},"message":"\u001b[1mhttp\u001b[22m function initialized (http://127.0.0.1:5001/evanparra-portfolio-8576-3a8bf/us-central1/bookingAgentFlow)."}}
[info] ✔  functions[us-central1-visionAnalysisFlow]: http function initialized (http://127.0.0.1:5001/evanparra-portfolio-8576-3a8bf/us-central1/visionAnalysisFlow). {"metadata":{"emulator":{"name":"functions"},"message":"\u001b[1mhttp\u001b[22m function initialized (http://127.0.0.1:5001/evanparra-portfolio-8576-3a8bf/us-central1/visionAnalysisFlow)."}}
[info] ✔  functions[us-central1-submitForm]: http function initialized (http://127.0.0.1:5001/evanparra-portfolio-8576-3a8bf/us-central1/submitForm). {"metadata":{"emulator":{"name":"functions"},"message":"\u001b[1mhttp\u001b[22m function initialized (http://127.0.0.1:5001/evanparra-portfolio-8576-3a8bf/us-central1/submitForm)."}}
[debug] [2025-12-15T19:58:58.043Z] Could not find VSCode notification endpoint: FetchError: request to http://localhost:40001/vscode/notify failed, reason: connect ECONNREFUSED 127.0.0.1:40001. If you are not running the Firebase Data Connect VSCode extension, this is expected and not an issue.
[info] 
┌─────────────────────────────────────────────────────────────┐
│ ✔  All emulators ready! It is now safe to connect your app. │
│ i  View Emulator UI at http://127.0.0.1:4000/               │
└─────────────────────────────────────────────────────────────┘

┌───────────┬────────────────┬─────────────────────────────────┐
│ Emulator  │ Host:Port      │ View in Emulator UI             │
├───────────┼────────────────┼─────────────────────────────────┤
│ Functions │ 127.0.0.1:5001 │ http://127.0.0.1:4000/functions │
└───────────┴────────────────┴─────────────────────────────────┘
  Emulator Hub host: 127.0.0.1 port: 4400
  Other reserved ports: 4500

Issues? Report them at https://github.com/firebase/firebase-tools/issues and attach the *-debug.log files.
 
[debug] [2025-12-15T20:07:15.148Z] [work-queue] {"queuedWork":["/evanparra-portfolio-8576-3a8bf/us-central1/visionAnalysisFlow-2025-12-15T20:07:15.148Z"],"queueLength":1,"runningWork":[],"workRunningCount":0}
[debug] [2025-12-15T20:07:15.151Z] [work-queue] {"queuedWork":[],"queueLength":0,"runningWork":["/evanparra-portfolio-8576-3a8bf/us-central1/visionAnalysisFlow-2025-12-15T20:07:15.148Z"],"workRunningCount":1}
[debug] [2025-12-15T20:07:15.152Z] Accepted request POST /evanparra-portfolio-8576-3a8bf/us-central1/visionAnalysisFlow --> us-central1-visionAnalysisFlow
[debug] [2025-12-15T20:07:15.158Z] [functions] Runtime ready! Sending request! {"metadata":{"emulator":{"name":"functions"},"message":"[functions] Runtime ready! Sending request!"}}
[debug] [2025-12-15T20:07:15.159Z] [functions] Got req.url=/evanparra-portfolio-8576-3a8bf/us-central1/visionAnalysisFlow, mapping to path=/ {"metadata":{"emulator":{"name":"functions"},"message":"[functions] Got req.url=/evanparra-portfolio-8576-3a8bf/us-central1/visionAnalysisFlow, mapping to path=/"}}
[info] i  functions: Loaded environment variables from .env. 
[info] i  functions: Trying to access secret GOOGLE_GENAI_API_KEY@latest {"metadata":{"emulator":{"name":"functions"},"message":"Trying to access secret GOOGLE_GENAI_API_KEY@latest"}}
[debug] [2025-12-15T20:07:15.165Z] Checked if tokens are valid: true, expires at: 1765832315989
[debug] [2025-12-15T20:07:15.165Z] Checked if tokens are valid: true, expires at: 1765832315989
[debug] [2025-12-15T20:07:15.166Z] >>> [apiv2][query] GET https://secretmanager.googleapis.com/v1/projects/evanparra-portfolio-8576-3a8bf/secrets/GOOGLE_GENAI_API_KEY/versions/latest:access [none]
[debug] [2025-12-15T20:07:15.278Z] <<< [apiv2][status] GET https://secretmanager.googleapis.com/v1/projects/evanparra-portfolio-8576-3a8bf/secrets/GOOGLE_GENAI_API_KEY/versions/latest:access 200
[debug] [2025-12-15T20:07:15.279Z] <<< [apiv2][body] GET https://secretmanager.googleapis.com/v1/projects/evanparra-portfolio-8576-3a8bf/secrets/GOOGLE_GENAI_API_KEY/versions/latest:access {"name":"projects/710637958703/secrets/GOOGLE_GENAI_API_KEY/versions/1","payload":{"data":"QUl6YVN5RHprV2wwS2ZXNFRGVG1IbnY5dUR1Qkg0YmpYaUljR2U0","dataCrc32c":"3647715012"}}
[debug] [2025-12-15T20:07:15.302Z] [worker-pool] addWorker(us-central1-visionAnalysisFlow) {"metadata":{"emulator":{"name":"functions"},"message":"[worker-pool] addWorker(us-central1-visionAnalysisFlow)"}}
[debug] [2025-12-15T20:07:15.306Z] [worker-pool] Adding worker with key us-central1-visionAnalysisFlow, total=1 {"metadata":{"emulator":{"name":"functions"},"message":"[worker-pool] Adding worker with key us-central1-visionAnalysisFlow, total=1"}}
[debug] [2025-12-15T20:07:16.951Z] [runtime-status] [10810] Resolved module firebase-admin {"declared":true,"installed":true,"version":"13.6.0","resolution":"/home/user/evanparra-portfolio/functions/node_modules/firebase-admin/lib/index.js"} {"metadata":{"emulator":{"name":"functions"},"function":{"name":"us-central1-visionAnalysisFlow"},"extension":{},"message":"[runtime-status] [10810] Resolved module firebase-admin {\"declared\":true,\"installed\":true,\"version\":\"13.6.0\",\"resolution\":\"/home/user/evanparra-portfolio/functions/node_modules/firebase-admin/lib/index.js\"}"}}
[debug] [2025-12-15T20:07:16.956Z] [runtime-status] [10810] Resolved module firebase-functions {"declared":true,"installed":true,"version":"7.0.1","resolution":"/home/user/evanparra-portfolio/functions/node_modules/firebase-functions/lib/v2/index.js"} {"metadata":{"emulator":{"name":"functions"},"function":{"name":"us-central1-visionAnalysisFlow"},"extension":{},"message":"[runtime-status] [10810] Resolved module firebase-functions {\"declared\":true,\"installed\":true,\"version\":\"7.0.1\",\"resolution\":\"/home/user/evanparra-portfolio/functions/node_modules/firebase-functions/lib/v2/index.js\"}"}}
[debug] [2025-12-15T20:07:16.956Z] [runtime-status] [10810] Outgoing network have been stubbed. [{"name":"http","status":"mocked"},{"name":"http","status":"mocked"},{"name":"https","status":"mocked"},{"name":"https","status":"mocked"},{"name":"net","status":"mocked"}] {"metadata":{"emulator":{"name":"functions"},"function":{"name":"us-central1-visionAnalysisFlow"},"extension":{},"message":"[runtime-status] [10810] Outgoing network have been stubbed. [{\"name\":\"http\",\"status\":\"mocked\"},{\"name\":\"http\",\"status\":\"mocked\"},{\"name\":\"https\",\"status\":\"mocked\"},{\"name\":\"https\",\"status\":\"mocked\"},{\"name\":\"net\",\"status\":\"mocked\"}]"}}
[debug] [2025-12-15T20:07:16.966Z] [runtime-status] [10810] Resolved module firebase-functions {"declared":true,"installed":true,"version":"7.0.1","resolution":"/home/user/evanparra-portfolio/functions/node_modules/firebase-functions/lib/v2/index.js"} {"metadata":{"emulator":{"name":"functions"},"function":{"name":"us-central1-visionAnalysisFlow"},"extension":{},"message":"[runtime-status] [10810] Resolved module firebase-functions {\"declared\":true,\"installed\":true,\"version\":\"7.0.1\",\"resolution\":\"/home/user/evanparra-portfolio/functions/node_modules/firebase-functions/lib/v2/index.js\"}"}}
[debug] [2025-12-15T20:07:16.967Z] [runtime-status] [10810] Detected firebase-functions v7+, skipping config helper. {"metadata":{"emulator":{"name":"functions"},"function":{"name":"us-central1-visionAnalysisFlow"},"extension":{},"message":"[runtime-status] [10810] Detected firebase-functions v7+, skipping config helper."}}
[debug] [2025-12-15T20:07:16.967Z] [runtime-status] [10810] Resolved module firebase-functions {"declared":true,"installed":true,"version":"7.0.1","resolution":"/home/user/evanparra-portfolio/functions/node_modules/firebase-functions/lib/v2/index.js"} {"metadata":{"emulator":{"name":"functions"},"function":{"name":"us-central1-visionAnalysisFlow"},"extension":{},"message":"[runtime-status] [10810] Resolved module firebase-functions {\"declared\":true,\"installed\":true,\"version\":\"7.0.1\",\"resolution\":\"/home/user/evanparra-portfolio/functions/node_modules/firebase-functions/lib/v2/index.js\"}"}}
[debug] [2025-12-15T20:07:16.967Z] [runtime-status] [10810] Detected firebase-functions v7+, skipping legacy stubs. {"metadata":{"emulator":{"name":"functions"},"function":{"name":"us-central1-visionAnalysisFlow"},"extension":{},"message":"[runtime-status] [10810] Detected firebase-functions v7+, skipping legacy stubs."}}
[debug] [2025-12-15T20:07:16.967Z] [runtime-status] [10810] Resolved module firebase-admin {"declared":true,"installed":true,"version":"13.6.0","resolution":"/home/user/evanparra-portfolio/functions/node_modules/firebase-admin/lib/index.js"} {"metadata":{"emulator":{"name":"functions"},"function":{"name":"us-central1-visionAnalysisFlow"},"extension":{},"message":"[runtime-status] [10810] Resolved module firebase-admin {\"declared\":true,\"installed\":true,\"version\":\"13.6.0\",\"resolution\":\"/home/user/evanparra-portfolio/functions/node_modules/firebase-admin/lib/index.js\"}"}}
[debug] [2025-12-15T20:07:17.047Z] [runtime-status] [10810] Resolved module firebase-functions {"declared":true,"installed":true,"version":"7.0.1","resolution":"/home/user/evanparra-portfolio/functions/node_modules/firebase-functions/lib/v2/index.js"} {"metadata":{"emulator":{"name":"functions"},"function":{"name":"us-central1-visionAnalysisFlow"},"extension":{},"message":"[runtime-status] [10810] Resolved module firebase-functions {\"declared\":true,\"installed\":true,\"version\":\"7.0.1\",\"resolution\":\"/home/user/evanparra-portfolio/functions/node_modules/firebase-functions/lib/v2/index.js\"}"}}
[debug] [2025-12-15T20:07:17.394Z] [runtime-status] [10810] firebase-admin has been stubbed. {"adminResolution":{"declared":true,"installed":true,"version":"13.6.0","resolution":"/home/user/evanparra-portfolio/functions/node_modules/firebase-admin/lib/index.js"}} {"metadata":{"emulator":{"name":"functions"},"function":{"name":"us-central1-visionAnalysisFlow"},"extension":{},"message":"[runtime-status] [10810] firebase-admin has been stubbed. {\"adminResolution\":{\"declared\":true,\"installed\":true,\"version\":\"13.6.0\",\"resolution\":\"/home/user/evanparra-portfolio/functions/node_modules/firebase-admin/lib/index.js\"}}"}}
[debug] [2025-12-15T20:07:18.198Z] [runtime-status] [10810] initializeApp(DEFAULT) {"storageBucket":"evanparra-portfolio-8576-3a8bf.firebasestorage.app","projectId":"evanparra-portfolio-8576-3a8bf"} {"metadata":{"emulator":{"name":"functions"},"function":{"name":"us-central1-visionAnalysisFlow"},"extension":{},"message":"[runtime-status] [10810] initializeApp(DEFAULT) {\"storageBucket\":\"evanparra-portfolio-8576-3a8bf.firebasestorage.app\",\"projectId\":\"evanparra-portfolio-8576-3a8bf\"}"}}
[debug] [2025-12-15T20:07:18.222Z] [runtime-status] [10810] Functions runtime initialized. {"cwd":"/home/user/evanparra-portfolio/functions","node_version":"20.19.1"} {"metadata":{"emulator":{"name":"functions"},"function":{"name":"us-central1-visionAnalysisFlow"},"extension":{},"message":"[runtime-status] [10810] Functions runtime initialized. {\"cwd\":\"/home/user/evanparra-portfolio/functions\",\"node_version\":\"20.19.1\"}"}}
[debug] [2025-12-15T20:07:18.227Z] [runtime-status] [10810] Listening to port: /tmp/fire_emu_e1446bcd54492fd6.sock {"metadata":{"emulator":{"name":"functions"},"function":{"name":"us-central1-visionAnalysisFlow"},"extension":{},"message":"[runtime-status] [10810] Listening to port: /tmp/fire_emu_e1446bcd54492fd6.sock"}}
[debug] [2025-12-15T20:07:18.296Z] [worker-us-central1-visionAnalysisFlow-fc41cea2-f544-4c60-bc64-0f4adeb79ab1]: IDLE {"metadata":{"emulator":{"name":"functions"},"function":{"name":"us-central1-visionAnalysisFlow"},"extension":{},"message":"[worker-us-central1-visionAnalysisFlow-fc41cea2-f544-4c60-bc64-0f4adeb79ab1]: IDLE"}}
[debug] [2025-12-15T20:07:18.297Z] [worker-pool] submitRequest(triggerId=us-central1-visionAnalysisFlow) {"metadata":{"emulator":{"name":"functions"},"message":"[worker-pool] submitRequest(triggerId=us-central1-visionAnalysisFlow)"}}
[info] i  functions: Beginning execution of "us-central1-visionAnalysisFlow" {"metadata":{"emulator":{"name":"functions"},"function":{"name":"us-central1-visionAnalysisFlow"},"extension":{},"message":"Beginning execution of \"us-central1-visionAnalysisFlow\""}}
[debug] [2025-12-15T20:07:18.306Z] [worker-us-central1-visionAnalysisFlow-fc41cea2-f544-4c60-bc64-0f4adeb79ab1]: BUSY {"metadata":{"emulator":{"name":"functions"},"function":{"name":"us-central1-visionAnalysisFlow"},"extension":{},"message":"[worker-us-central1-visionAnalysisFlow-fc41cea2-f544-4c60-bc64-0f4adeb79ab1]: BUSY"}}
[info] >  {"verifications":{"app":"MISSING","auth":"MISSING"},"logging.googleapis.com/labels":{"firebase-log-type":"callable-request-verification"},"severity":"DEBUG","message":"Callable request verification passed"} {"user":{"verifications":{"app":"MISSING","auth":"MISSING"},"logging.googleapis.com/labels":{"firebase-log-type":"callable-request-verification"},"severity":"DEBUG","message":"Callable request verification passed"},"metadata":{"emulator":{"name":"functions"},"function":{"name":"us-central1-visionAnalysisFlow"},"extension":{},"message":"\u001b[90m> \u001b[39m {\"verifications\":{\"app\":\"MISSING\",\"auth\":\"MISSING\"},\"logging.googleapis.com/labels\":{\"firebase-log-type\":\"callable-request-verification\"},\"severity\":\"DEBUG\",\"message\":\"Callable request verification passed\"}"}}
[debug] [2025-12-15T20:07:20.283Z] Finishing up request with event=pause {"metadata":{"emulator":{"name":"functions"},"function":{"name":"us-central1-visionAnalysisFlow"},"extension":{},"message":"Finishing up request with event=pause"}}
[info] i  functions: Finished "us-central1-visionAnalysisFlow" in 1985.147484ms {"metadata":{"emulator":{"name":"functions"},"function":{"name":"us-central1-visionAnalysisFlow"},"extension":{},"message":"Finished \"us-central1-visionAnalysisFlow\" in 1985.147484ms"}}
[debug] [2025-12-15T20:07:20.293Z] [worker-us-central1-visionAnalysisFlow-fc41cea2-f544-4c60-bc64-0f4adeb79ab1]: IDLE {"metadata":{"emulator":{"name":"functions"},"function":{"name":"us-central1-visionAnalysisFlow"},"extension":{},"message":"[worker-us-central1-visionAnalysisFlow-fc41cea2-f544-4c60-bc64-0f4adeb79ab1]: IDLE"}}
[debug] [2025-12-15T20:07:20.293Z] Finishing up request with event=finish {"metadata":{"emulator":{"name":"functions"},"function":{"name":"us-central1-visionAnalysisFlow"},"extension":{},"message":"Finishing up request with event=finish"}}
[debug] [2025-12-15T20:07:20.296Z] Finishing up request with event=close {"metadata":{"emulator":{"name":"functions"},"function":{"name":"us-central1-visionAnalysisFlow"},"extension":{},"message":"Finishing up request with event=close"}}
[debug] [2025-12-15T20:07:20.296Z] [work-queue] {"queuedWork":[],"queueLength":0,"runningWork":[],"workRunningCount":0}
[debug] [2025-12-15T20:12:27.482Z] File /home/user/evanparra-portfolio/functions/package.json changed, reloading triggers {"metadata":{"emulator":{"name":"functions"},"message":"File /home/user/evanparra-portfolio/functions/package.json changed, reloading triggers"}}
[debug] [2025-12-15T20:12:28.490Z] Validating nodejs source
[debug] [2025-12-15T20:12:31.209Z] > [functions] package.json contents: {
  "name": "functions",
  "description": "Cloud Functions for Firebase",
  "engines": {
    "node": "22"
  },
  "main": "lib/index.js",
  "scripts": {
    "build": "tsc",
    "serve": "npm run build && firebase emulators:start --only functions",
    "shell": "npm run build && firebase functions:shell",
    "start": "npm run shell",
    "deploy": "firebase deploy --only functions",
    "logs": "firebase functions:log"
  },
  "dependencies": {
    "@genkit-ai/firebase": "^1.26.0",
    "@genkit-ai/googleai": "^1.26.0",
    "cors": "^2.8.5",
    "firebase-admin": "^13.6.0",
    "firebase-functions": "^7.0.1",
    "genkit": "^1.26.0",
    "zod": "^3.23.8"
  },
  "devDependencies": {
    "@types/cors": "^2.8.19",
    "firebase-functions-test": "^3.4.1",
    "typescript": "^5.4.5"
  },
  "private": true
}
[debug] [2025-12-15T20:12:31.209Z] Building nodejs source
[debug] [2025-12-15T20:12:31.214Z] Failed to find version of module node: reached end of search path /home/user/evanparra-portfolio/functions/node_modules
[warn] ⚠  functions: Your requested "node" version "22" doesn't match your global version "20". Using node@20 from host. 
[info] i  functions: Loaded environment variables from .env. 
[debug] [2025-12-15T20:12:31.222Z] Could not find functions.yaml. Must use http discovery
[debug] [2025-12-15T20:12:31.247Z] Found firebase-functions binary at '/home/user/evanparra-portfolio/functions/node_modules/.bin/firebase-functions'
[debug] [2025-12-15T20:12:31.304Z] File /home/user/evanparra-portfolio/functions/package-lock.json changed, reloading triggers {"metadata":{"emulator":{"name":"functions"},"message":"File /home/user/evanparra-portfolio/functions/package-lock.json changed, reloading triggers"}}
[debug] [2025-12-15T20:12:32.323Z] Validating nodejs source
[debug] [2025-12-15T20:12:34.068Z] > [functions] package.json contents: {
  "name": "functions",
  "description": "Cloud Functions for Firebase",
  "engines": {
    "node": "22"
  },
  "main": "lib/index.js",
  "scripts": {
    "build": "tsc",
    "serve": "npm run build && firebase emulators:start --only functions",
    "shell": "npm run build && firebase functions:shell",
    "start": "npm run shell",
    "deploy": "firebase deploy --only functions",
    "logs": "firebase functions:log"
  },
  "dependencies": {
    "@genkit-ai/firebase": "^1.26.0",
    "@genkit-ai/googleai": "^1.26.0",
    "cors": "^2.8.5",
    "firebase-admin": "^13.6.0",
    "firebase-functions": "^7.0.1",
    "genkit": "^1.26.0",
    "zod": "^3.23.8"
  },
  "devDependencies": {
    "@types/cors": "^2.8.19",
    "firebase-functions-test": "^3.4.1",
    "typescript": "^5.4.5"
  },
  "private": true
}
[debug] [2025-12-15T20:12:34.068Z] Building nodejs source
[debug] [2025-12-15T20:12:34.068Z] Failed to find version of module node: reached end of search path /home/user/evanparra-portfolio/functions/node_modules
[warn] ⚠  functions: Your requested "node" version "22" doesn't match your global version "20". Using node@20 from host. 
[info] i  functions: Loaded environment variables from .env. 
[debug] [2025-12-15T20:12:34.075Z] Could not find functions.yaml. Must use http discovery
[debug] [2025-12-15T20:12:34.084Z] Found firebase-functions binary at '/home/user/evanparra-portfolio/functions/node_modules/.bin/firebase-functions'
[info] Serving at port 8946

[info] Serving at port 8155

[debug] [2025-12-15T20:12:36.320Z] Got response from /__/functions.yaml {"endpoints":{"bookingAgentFlow":{"availableMemoryMb":null,"timeoutSeconds":null,"minInstances":null,"maxInstances":null,"ingressSettings":null,"concurrency":null,"serviceAccountEmail":null,"vpc":null,"platform":"gcfv2","secretEnvironmentVariables":[{"key":"GOOGLE_GENAI_API_KEY"}],"labels":{},"callableTrigger":{},"entryPoint":"bookingAgentFlow"},"visionAnalysisFlow":{"availableMemoryMb":1024,"timeoutSeconds":60,"minInstances":null,"maxInstances":null,"ingressSettings":null,"concurrency":null,"serviceAccountEmail":null,"vpc":null,"platform":"gcfv2","secretEnvironmentVariables":[{"key":"GOOGLE_GENAI_API_KEY"}],"labels":{},"callableTrigger":{},"entryPoint":"visionAnalysisFlow"},"submitForm":{"availableMemoryMb":null,"timeoutSeconds":null,"minInstances":null,"maxInstances":null,"ingressSettings":null,"concurrency":null,"serviceAccountEmail":null,"vpc":null,"platform":"gcfv2","labels":{},"httpsTrigger":{},"entryPoint":"submitForm"}},"specVersion":"v1alpha1","requiredAPIs":[],"extensions":{}}
[info] ✔  functions: Loaded functions definitions from source: bookingAgentFlow, visionAnalysisFlow, submitForm. {"metadata":{"emulator":{"name":"functions"},"message":"Loaded functions definitions from source: bookingAgentFlow, visionAnalysisFlow, submitForm."}}
[debug] [2025-12-15T20:12:36.399Z] [worker-pool] Shutting down IDLE worker (us-central1-visionAnalysisFlow) {"metadata":{"emulator":{"name":"functions"},"message":"[worker-pool] Shutting down IDLE worker (us-central1-visionAnalysisFlow)"}}
[debug] [2025-12-15T20:12:36.410Z] [worker-us-central1-visionAnalysisFlow-fc41cea2-f544-4c60-bc64-0f4adeb79ab1]: FINISHING {"metadata":{"emulator":{"name":"functions"},"function":{"name":"us-central1-visionAnalysisFlow"},"extension":{},"message":"[worker-us-central1-visionAnalysisFlow-fc41cea2-f544-4c60-bc64-0f4adeb79ab1]: FINISHING"}}
[debug] [2025-12-15T20:12:36.483Z] [worker-us-central1-visionAnalysisFlow-fc41cea2-f544-4c60-bc64-0f4adeb79ab1]: exited {"metadata":{"emulator":{"name":"functions"},"function":{"name":"us-central1-visionAnalysisFlow"},"extension":{},"message":"[worker-us-central1-visionAnalysisFlow-fc41cea2-f544-4c60-bc64-0f4adeb79ab1]: exited"}}
[debug] [2025-12-15T20:12:36.488Z] [worker-us-central1-visionAnalysisFlow-fc41cea2-f544-4c60-bc64-0f4adeb79ab1]: FINISHED {"metadata":{"emulator":{"name":"functions"},"function":{"name":"us-central1-visionAnalysisFlow"},"extension":{},"message":"[worker-us-central1-visionAnalysisFlow-fc41cea2-f544-4c60-bc64-0f4adeb79ab1]: FINISHED"}}
[debug] [2025-12-15T20:12:36.817Z] Got response from /__/functions.yaml {"endpoints":{"bookingAgentFlow":{"availableMemoryMb":null,"timeoutSeconds":null,"minInstances":null,"maxInstances":null,"ingressSettings":null,"concurrency":null,"serviceAccountEmail":null,"vpc":null,"platform":"gcfv2","secretEnvironmentVariables":[{"key":"GOOGLE_GENAI_API_KEY"}],"labels":{},"callableTrigger":{},"entryPoint":"bookingAgentFlow"},"visionAnalysisFlow":{"availableMemoryMb":1024,"timeoutSeconds":60,"minInstances":null,"maxInstances":null,"ingressSettings":null,"concurrency":null,"serviceAccountEmail":null,"vpc":null,"platform":"gcfv2","secretEnvironmentVariables":[{"key":"GOOGLE_GENAI_API_KEY"}],"labels":{},"callableTrigger":{},"entryPoint":"visionAnalysisFlow"},"submitForm":{"availableMemoryMb":null,"timeoutSeconds":null,"minInstances":null,"maxInstances":null,"ingressSettings":null,"concurrency":null,"serviceAccountEmail":null,"vpc":null,"platform":"gcfv2","labels":{},"httpsTrigger":{},"entryPoint":"submitForm"}},"specVersion":"v1alpha1","requiredAPIs":[],"extensions":{}}
[info] ✔  functions: Loaded functions definitions from source: bookingAgentFlow, visionAnalysisFlow, submitForm. {"metadata":{"emulator":{"name":"functions"},"message":"Loaded functions definitions from source: bookingAgentFlow, visionAnalysisFlow, submitForm."}}
[debug] [2025-12-15T20:13:36.224Z] File /home/user/evanparra-portfolio/functions/package.json changed, reloading triggers {"metadata":{"emulator":{"name":"functions"},"message":"File /home/user/evanparra-portfolio/functions/package.json changed, reloading triggers"}}
[debug] [2025-12-15T20:13:37.226Z] Validating nodejs source
[debug] [2025-12-15T20:13:39.856Z] > [functions] package.json contents: {
  "name": "functions",
  "description": "Cloud Functions for Firebase",
  "engines": {
    "node": "22"
  },
  "main": "lib/index.js",
  "scripts": {
    "build": "tsc",
    "serve": "npm run build && firebase emulators:start --only functions",
    "shell": "npm run build && firebase functions:shell",
    "start": "npm run shell",
    "deploy": "firebase deploy --only functions",
    "logs": "firebase functions:log"
  },
  "dependencies": {
    "@genkit-ai/firebase": "^1.26.0",
    "@genkit-ai/googleai": "^1.26.0",
    "cors": "^2.8.5",
    "firebase-admin": "^13.6.0",
    "firebase-functions": "^7.0.1",
    "genkit": "^1.26.0",
    "zod": "^3.23.8"
  },
  "devDependencies": {
    "@types/cors": "^2.8.19",
    "dotenv": "^17.2.3",
    "firebase-functions-test": "^3.4.1",
    "typescript": "^5.4.5"
  },
  "private": true
}
[debug] [2025-12-15T20:13:39.859Z] Building nodejs source
[debug] [2025-12-15T20:13:39.859Z] Failed to find version of module node: reached end of search path /home/user/evanparra-portfolio/functions/node_modules
[warn] ⚠  functions: Your requested "node" version "22" doesn't match your global version "20". Using node@20 from host. 
[info] i  functions: Loaded environment variables from .env. 
[debug] [2025-12-15T20:13:39.872Z] Could not find functions.yaml. Must use http discovery
[debug] [2025-12-15T20:13:39.880Z] Found firebase-functions binary at '/home/user/evanparra-portfolio/functions/node_modules/.bin/firebase-functions'
[debug] [2025-12-15T20:13:39.915Z] File /home/user/evanparra-portfolio/functions/package-lock.json changed, reloading triggers {"metadata":{"emulator":{"name":"functions"},"message":"File /home/user/evanparra-portfolio/functions/package-lock.json changed, reloading triggers"}}
[info] Serving at port 8174

[debug] [2025-12-15T20:13:40.916Z] Validating nodejs source
[debug] [2025-12-15T20:13:42.712Z] > [functions] package.json contents: {
  "name": "functions",
  "description": "Cloud Functions for Firebase",
  "engines": {
    "node": "22"
  },
  "main": "lib/index.js",
  "scripts": {
    "build": "tsc",
    "serve": "npm run build && firebase emulators:start --only functions",
    "shell": "npm run build && firebase functions:shell",
    "start": "npm run shell",
    "deploy": "firebase deploy --only functions",
    "logs": "firebase functions:log"
  },
  "dependencies": {
    "@genkit-ai/firebase": "^1.26.0",
    "@genkit-ai/googleai": "^1.26.0",
    "cors": "^2.8.5",
    "firebase-admin": "^13.6.0",
    "firebase-functions": "^7.0.1",
    "genkit": "^1.26.0",
    "zod": "^3.23.8"
  },
  "devDependencies": {
    "@types/cors": "^2.8.19",
    "dotenv": "^17.2.3",
    "firebase-functions-test": "^3.4.1",
    "typescript": "^5.4.5"
  },
  "private": true
}
[debug] [2025-12-15T20:13:42.714Z] Building nodejs source
[debug] [2025-12-15T20:13:42.714Z] Failed to find version of module node: reached end of search path /home/user/evanparra-portfolio/functions/node_modules
[warn] ⚠  functions: Your requested "node" version "22" doesn't match your global version "20". Using node@20 from host. 
[info] i  functions: Loaded environment variables from .env. 
[debug] [2025-12-15T20:13:42.723Z] Could not find functions.yaml. Must use http discovery
[debug] [2025-12-15T20:13:42.729Z] Found firebase-functions binary at '/home/user/evanparra-portfolio/functions/node_modules/.bin/firebase-functions'
[info] Serving at port 8582

[debug] [2025-12-15T20:13:44.144Z] Got response from /__/functions.yaml {"endpoints":{"bookingAgentFlow":{"availableMemoryMb":null,"timeoutSeconds":null,"minInstances":null,"maxInstances":null,"ingressSettings":null,"concurrency":null,"serviceAccountEmail":null,"vpc":null,"platform":"gcfv2","secretEnvironmentVariables":[{"key":"GOOGLE_GENAI_API_KEY"}],"labels":{},"callableTrigger":{},"entryPoint":"bookingAgentFlow"},"visionAnalysisFlow":{"availableMemoryMb":1024,"timeoutSeconds":60,"minInstances":null,"maxInstances":null,"ingressSettings":null,"concurrency":null,"serviceAccountEmail":null,"vpc":null,"platform":"gcfv2","secretEnvironmentVariables":[{"key":"GOOGLE_GENAI_API_KEY"}],"labels":{},"callableTrigger":{},"entryPoint":"visionAnalysisFlow"},"submitForm":{"availableMemoryMb":null,"timeoutSeconds":null,"minInstances":null,"maxInstances":null,"ingressSettings":null,"concurrency":null,"serviceAccountEmail":null,"vpc":null,"platform":"gcfv2","labels":{},"httpsTrigger":{},"entryPoint":"submitForm"}},"specVersion":"v1alpha1","requiredAPIs":[],"extensions":{}}
[info] ✔  functions: Loaded functions definitions from source: bookingAgentFlow, visionAnalysisFlow, submitForm. {"metadata":{"emulator":{"name":"functions"},"message":"Loaded functions definitions from source: bookingAgentFlow, visionAnalysisFlow, submitForm."}}
[debug] [2025-12-15T20:13:46.249Z] Got response from /__/functions.yaml {"endpoints":{"bookingAgentFlow":{"availableMemoryMb":null,"timeoutSeconds":null,"minInstances":null,"maxInstances":null,"ingressSettings":null,"concurrency":null,"serviceAccountEmail":null,"vpc":null,"platform":"gcfv2","secretEnvironmentVariables":[{"key":"GOOGLE_GENAI_API_KEY"}],"labels":{},"callableTrigger":{},"entryPoint":"bookingAgentFlow"},"visionAnalysisFlow":{"availableMemoryMb":1024,"timeoutSeconds":60,"minInstances":null,"maxInstances":null,"ingressSettings":null,"concurrency":null,"serviceAccountEmail":null,"vpc":null,"platform":"gcfv2","secretEnvironmentVariables":[{"key":"GOOGLE_GENAI_API_KEY"}],"labels":{},"callableTrigger":{},"entryPoint":"visionAnalysisFlow"},"submitForm":{"availableMemoryMb":null,"timeoutSeconds":null,"minInstances":null,"maxInstances":null,"ingressSettings":null,"concurrency":null,"serviceAccountEmail":null,"vpc":null,"platform":"gcfv2","labels":{},"httpsTrigger":{},"entryPoint":"submitForm"}},"specVersion":"v1alpha1","requiredAPIs":[],"extensions":{}}
[info] ✔  functions: Loaded functions definitions from source: bookingAgentFlow, visionAnalysisFlow, submitForm. {"metadata":{"emulator":{"name":"functions"},"message":"Loaded functions definitions from source: bookingAgentFlow, visionAnalysisFlow, submitForm."}}
[debug] [2025-12-15T20:18:35.445Z] [work-queue] {"queuedWork":["/evanparra-portfolio-8576-3a8bf/us-central1/visionAnalysisFlow-2025-12-15T20:18:35.445Z"],"queueLength":1,"runningWork":[],"workRunningCount":0}
[debug] [2025-12-15T20:18:35.452Z] [work-queue] {"queuedWork":[],"queueLength":0,"runningWork":["/evanparra-portfolio-8576-3a8bf/us-central1/visionAnalysisFlow-2025-12-15T20:18:35.445Z"],"workRunningCount":1}
[debug] [2025-12-15T20:18:35.453Z] Accepted request POST /evanparra-portfolio-8576-3a8bf/us-central1/visionAnalysisFlow --> us-central1-visionAnalysisFlow
[debug] [2025-12-15T20:18:35.465Z] [functions] Runtime ready! Sending request! {"metadata":{"emulator":{"name":"functions"},"message":"[functions] Runtime ready! Sending request!"}}
[debug] [2025-12-15T20:18:35.467Z] [functions] Got req.url=/evanparra-portfolio-8576-3a8bf/us-central1/visionAnalysisFlow, mapping to path=/ {"metadata":{"emulator":{"name":"functions"},"message":"[functions] Got req.url=/evanparra-portfolio-8576-3a8bf/us-central1/visionAnalysisFlow, mapping to path=/"}}
[debug] [2025-12-15T20:18:35.467Z] [worker-pool] Cleaned up workers for us-central1-visionAnalysisFlow: 1 --> 0 {"metadata":{"emulator":{"name":"functions"},"message":"[worker-pool] Cleaned up workers for us-central1-visionAnalysisFlow: 1 --> 0"}}
[info] i  functions: Loaded environment variables from .env. 
[info] i  functions: Trying to access secret GOOGLE_GENAI_API_KEY@latest {"metadata":{"emulator":{"name":"functions"},"message":"Trying to access secret GOOGLE_GENAI_API_KEY@latest"}}
[debug] [2025-12-15T20:18:35.470Z] Checked if tokens are valid: true, expires at: 1765832315989
[debug] [2025-12-15T20:18:35.470Z] Checked if tokens are valid: true, expires at: 1765832315989
[debug] [2025-12-15T20:18:35.471Z] >>> [apiv2][query] GET https://secretmanager.googleapis.com/v1/projects/evanparra-portfolio-8576-3a8bf/secrets/GOOGLE_GENAI_API_KEY/versions/latest:access [none]
[debug] [2025-12-15T20:18:35.613Z] <<< [apiv2][status] GET https://secretmanager.googleapis.com/v1/projects/evanparra-portfolio-8576-3a8bf/secrets/GOOGLE_GENAI_API_KEY/versions/latest:access 200
[debug] [2025-12-15T20:18:35.615Z] <<< [apiv2][body] GET https://secretmanager.googleapis.com/v1/projects/evanparra-portfolio-8576-3a8bf/secrets/GOOGLE_GENAI_API_KEY/versions/latest:access {"name":"projects/710637958703/secrets/GOOGLE_GENAI_API_KEY/versions/1","payload":{"data":"QUl6YVN5RHprV2wwS2ZXNFRGVG1IbnY5dUR1Qkg0YmpYaUljR2U0","dataCrc32c":"3647715012"}}
[debug] [2025-12-15T20:18:35.627Z] [worker-pool] addWorker(us-central1-visionAnalysisFlow) {"metadata":{"emulator":{"name":"functions"},"message":"[worker-pool] addWorker(us-central1-visionAnalysisFlow)"}}
[debug] [2025-12-15T20:18:35.627Z] [worker-pool] Adding worker with key us-central1-visionAnalysisFlow, total=1 {"metadata":{"emulator":{"name":"functions"},"message":"[worker-pool] Adding worker with key us-central1-visionAnalysisFlow, total=1"}}
[debug] [2025-12-15T20:18:37.365Z] [runtime-status] [14371] Resolved module firebase-admin {"declared":true,"installed":true,"version":"13.6.0","resolution":"/home/user/evanparra-portfolio/functions/node_modules/firebase-admin/lib/index.js"} {"metadata":{"emulator":{"name":"functions"},"function":{"name":"us-central1-visionAnalysisFlow"},"extension":{},"message":"[runtime-status] [14371] Resolved module firebase-admin {\"declared\":true,\"installed\":true,\"version\":\"13.6.0\",\"resolution\":\"/home/user/evanparra-portfolio/functions/node_modules/firebase-admin/lib/index.js\"}"}}
[debug] [2025-12-15T20:18:37.394Z] [runtime-status] [14371] Resolved module firebase-functions {"declared":true,"installed":true,"version":"7.0.1","resolution":"/home/user/evanparra-portfolio/functions/node_modules/firebase-functions/lib/v2/index.js"} {"metadata":{"emulator":{"name":"functions"},"function":{"name":"us-central1-visionAnalysisFlow"},"extension":{},"message":"[runtime-status] [14371] Resolved module firebase-functions {\"declared\":true,\"installed\":true,\"version\":\"7.0.1\",\"resolution\":\"/home/user/evanparra-portfolio/functions/node_modules/firebase-functions/lib/v2/index.js\"}"}}
[debug] [2025-12-15T20:18:37.396Z] [runtime-status] [14371] Outgoing network have been stubbed. [{"name":"http","status":"mocked"},{"name":"http","status":"mocked"},{"name":"https","status":"mocked"},{"name":"https","status":"mocked"},{"name":"net","status":"mocked"}] {"metadata":{"emulator":{"name":"functions"},"function":{"name":"us-central1-visionAnalysisFlow"},"extension":{},"message":"[runtime-status] [14371] Outgoing network have been stubbed. [{\"name\":\"http\",\"status\":\"mocked\"},{\"name\":\"http\",\"status\":\"mocked\"},{\"name\":\"https\",\"status\":\"mocked\"},{\"name\":\"https\",\"status\":\"mocked\"},{\"name\":\"net\",\"status\":\"mocked\"}]"}}
[debug] [2025-12-15T20:18:37.396Z] [runtime-status] [14371] Resolved module firebase-functions {"declared":true,"installed":true,"version":"7.0.1","resolution":"/home/user/evanparra-portfolio/functions/node_modules/firebase-functions/lib/v2/index.js"} {"metadata":{"emulator":{"name":"functions"},"function":{"name":"us-central1-visionAnalysisFlow"},"extension":{},"message":"[runtime-status] [14371] Resolved module firebase-functions {\"declared\":true,\"installed\":true,\"version\":\"7.0.1\",\"resolution\":\"/home/user/evanparra-portfolio/functions/node_modules/firebase-functions/lib/v2/index.js\"}"}}
[debug] [2025-12-15T20:18:37.401Z] [runtime-status] [14371] Detected firebase-functions v7+, skipping config helper. {"metadata":{"emulator":{"name":"functions"},"function":{"name":"us-central1-visionAnalysisFlow"},"extension":{},"message":"[runtime-status] [14371] Detected firebase-functions v7+, skipping config helper."}}
[debug] [2025-12-15T20:18:37.401Z] [runtime-status] [14371] Resolved module firebase-functions {"declared":true,"installed":true,"version":"7.0.1","resolution":"/home/user/evanparra-portfolio/functions/node_modules/firebase-functions/lib/v2/index.js"} {"metadata":{"emulator":{"name":"functions"},"function":{"name":"us-central1-visionAnalysisFlow"},"extension":{},"message":"[runtime-status] [14371] Resolved module firebase-functions {\"declared\":true,\"installed\":true,\"version\":\"7.0.1\",\"resolution\":\"/home/user/evanparra-portfolio/functions/node_modules/firebase-functions/lib/v2/index.js\"}"}}
[debug] [2025-12-15T20:18:37.401Z] [runtime-status] [14371] Detected firebase-functions v7+, skipping legacy stubs. {"metadata":{"emulator":{"name":"functions"},"function":{"name":"us-central1-visionAnalysisFlow"},"extension":{},"message":"[runtime-status] [14371] Detected firebase-functions v7+, skipping legacy stubs."}}
[debug] [2025-12-15T20:18:37.404Z] [runtime-status] [14371] Resolved module firebase-admin {"declared":true,"installed":true,"version":"13.6.0","resolution":"/home/user/evanparra-portfolio/functions/node_modules/firebase-admin/lib/index.js"} {"metadata":{"emulator":{"name":"functions"},"function":{"name":"us-central1-visionAnalysisFlow"},"extension":{},"message":"[runtime-status] [14371] Resolved module firebase-admin {\"declared\":true,\"installed\":true,\"version\":\"13.6.0\",\"resolution\":\"/home/user/evanparra-portfolio/functions/node_modules/firebase-admin/lib/index.js\"}"}}
[debug] [2025-12-15T20:18:37.685Z] [runtime-status] [14371] Resolved module firebase-functions {"declared":true,"installed":true,"version":"7.0.1","resolution":"/home/user/evanparra-portfolio/functions/node_modules/firebase-functions/lib/v2/index.js"} {"metadata":{"emulator":{"name":"functions"},"function":{"name":"us-central1-visionAnalysisFlow"},"extension":{},"message":"[runtime-status] [14371] Resolved module firebase-functions {\"declared\":true,\"installed\":true,\"version\":\"7.0.1\",\"resolution\":\"/home/user/evanparra-portfolio/functions/node_modules/firebase-functions/lib/v2/index.js\"}"}}
[debug] [2025-12-15T20:18:38.164Z] [runtime-status] [14371] firebase-admin has been stubbed. {"adminResolution":{"declared":true,"installed":true,"version":"13.6.0","resolution":"/home/user/evanparra-portfolio/functions/node_modules/firebase-admin/lib/index.js"}} {"metadata":{"emulator":{"name":"functions"},"function":{"name":"us-central1-visionAnalysisFlow"},"extension":{},"message":"[runtime-status] [14371] firebase-admin has been stubbed. {\"adminResolution\":{\"declared\":true,\"installed\":true,\"version\":\"13.6.0\",\"resolution\":\"/home/user/evanparra-portfolio/functions/node_modules/firebase-admin/lib/index.js\"}}"}}
[debug] [2025-12-15T20:18:39.808Z] [runtime-status] [14371] initializeApp(DEFAULT) {"storageBucket":"evanparra-portfolio-8576-3a8bf.firebasestorage.app","projectId":"evanparra-portfolio-8576-3a8bf"} {"metadata":{"emulator":{"name":"functions"},"function":{"name":"us-central1-visionAnalysisFlow"},"extension":{},"message":"[runtime-status] [14371] initializeApp(DEFAULT) {\"storageBucket\":\"evanparra-portfolio-8576-3a8bf.firebasestorage.app\",\"projectId\":\"evanparra-portfolio-8576-3a8bf\"}"}}
[debug] [2025-12-15T20:18:39.827Z] [runtime-status] [14371] Functions runtime initialized. {"cwd":"/home/user/evanparra-portfolio/functions","node_version":"20.19.1"} {"metadata":{"emulator":{"name":"functions"},"function":{"name":"us-central1-visionAnalysisFlow"},"extension":{},"message":"[runtime-status] [14371] Functions runtime initialized. {\"cwd\":\"/home/user/evanparra-portfolio/functions\",\"node_version\":\"20.19.1\"}"}}
[debug] [2025-12-15T20:18:39.829Z] [runtime-status] [14371] Listening to port: /tmp/fire_emu_29890771ee8c8e65.sock {"metadata":{"emulator":{"name":"functions"},"function":{"name":"us-central1-visionAnalysisFlow"},"extension":{},"message":"[runtime-status] [14371] Listening to port: /tmp/fire_emu_29890771ee8c8e65.sock"}}
[debug] [2025-12-15T20:18:39.914Z] [worker-us-central1-visionAnalysisFlow-a9cfaf14-8367-48ee-ad5a-b86ffb19cb68]: IDLE {"metadata":{"emulator":{"name":"functions"},"function":{"name":"us-central1-visionAnalysisFlow"},"extension":{},"message":"[worker-us-central1-visionAnalysisFlow-a9cfaf14-8367-48ee-ad5a-b86ffb19cb68]: IDLE"}}
[debug] [2025-12-15T20:18:39.915Z] [worker-pool] submitRequest(triggerId=us-central1-visionAnalysisFlow) {"metadata":{"emulator":{"name":"functions"},"message":"[worker-pool] submitRequest(triggerId=us-central1-visionAnalysisFlow)"}}
[info] i  functions: Beginning execution of "us-central1-visionAnalysisFlow" {"metadata":{"emulator":{"name":"functions"},"function":{"name":"us-central1-visionAnalysisFlow"},"extension":{},"message":"Beginning execution of \"us-central1-visionAnalysisFlow\""}}
[debug] [2025-12-15T20:18:39.919Z] [worker-us-central1-visionAnalysisFlow-a9cfaf14-8367-48ee-ad5a-b86ffb19cb68]: BUSY {"metadata":{"emulator":{"name":"functions"},"function":{"name":"us-central1-visionAnalysisFlow"},"extension":{},"message":"[worker-us-central1-visionAnalysisFlow-a9cfaf14-8367-48ee-ad5a-b86ffb19cb68]: BUSY"}}
[info] >  {"verifications":{"app":"MISSING","auth":"MISSING"},"logging.googleapis.com/labels":{"firebase-log-type":"callable-request-verification"},"severity":"DEBUG","message":"Callable request verification passed"} {"user":{"verifications":{"app":"MISSING","auth":"MISSING"},"logging.googleapis.com/labels":{"firebase-log-type":"callable-request-verification"},"severity":"DEBUG","message":"Callable request verification passed"},"metadata":{"emulator":{"name":"functions"},"function":{"name":"us-central1-visionAnalysisFlow"},"extension":{},"message":"\u001b[90m> \u001b[39m {\"verifications\":{\"app\":\"MISSING\",\"auth\":\"MISSING\"},\"logging.googleapis.com/labels\":{\"firebase-log-type\":\"callable-request-verification\"},\"severity\":\"DEBUG\",\"message\":\"Callable request verification passed\"}"}}
[debug] [2025-12-15T20:18:42.124Z] Finishing up request with event=pause {"metadata":{"emulator":{"name":"functions"},"function":{"name":"us-central1-visionAnalysisFlow"},"extension":{},"message":"Finishing up request with event=pause"}}
[info] i  functions: Finished "us-central1-visionAnalysisFlow" in 2205.662824ms {"metadata":{"emulator":{"name":"functions"},"function":{"name":"us-central1-visionAnalysisFlow"},"extension":{},"message":"Finished \"us-central1-visionAnalysisFlow\" in 2205.662824ms"}}
[debug] [2025-12-15T20:18:42.126Z] [worker-us-central1-visionAnalysisFlow-a9cfaf14-8367-48ee-ad5a-b86ffb19cb68]: IDLE {"metadata":{"emulator":{"name":"functions"},"function":{"name":"us-central1-visionAnalysisFlow"},"extension":{},"message":"[worker-us-central1-visionAnalysisFlow-a9cfaf14-8367-48ee-ad5a-b86ffb19cb68]: IDLE"}}
[debug] [2025-12-15T20:18:42.127Z] Finishing up request with event=finish {"metadata":{"emulator":{"name":"functions"},"function":{"name":"us-central1-visionAnalysisFlow"},"extension":{},"message":"Finishing up request with event=finish"}}
[debug] [2025-12-15T20:18:42.127Z] Finishing up request with event=close {"metadata":{"emulator":{"name":"functions"},"function":{"name":"us-central1-visionAnalysisFlow"},"extension":{},"message":"Finishing up request with event=close"}}
[debug] [2025-12-15T20:18:42.127Z] [work-queue] {"queuedWork":[],"queueLength":0,"runningWork":[],"workRunningCount":0}
[debug] [2025-12-15T20:20:16.913Z] File /home/user/evanparra-portfolio/functions/lib/config.js.map changed, reloading triggers {"metadata":{"emulator":{"name":"functions"},"message":"File /home/user/evanparra-portfolio/functions/lib/config.js.map changed, reloading triggers"}}
[debug] [2025-12-15T20:20:16.922Z] File /home/user/evanparra-portfolio/functions/lib/config.js changed, reloading triggers {"metadata":{"emulator":{"name":"functions"},"message":"File /home/user/evanparra-portfolio/functions/lib/config.js changed, reloading triggers"}}
[debug] [2025-12-15T20:20:16.985Z] File /home/user/evanparra-portfolio/functions/lib/tools.js.map changed, reloading triggers {"metadata":{"emulator":{"name":"functions"},"message":"File /home/user/evanparra-portfolio/functions/lib/tools.js.map changed, reloading triggers"}}
[debug] [2025-12-15T20:20:16.994Z] File /home/user/evanparra-portfolio/functions/lib/tools.js changed, reloading triggers {"metadata":{"emulator":{"name":"functions"},"message":"File /home/user/evanparra-portfolio/functions/lib/tools.js changed, reloading triggers"}}
[debug] [2025-12-15T20:20:17.043Z] File /home/user/evanparra-portfolio/functions/lib/agent.js.map changed, reloading triggers {"metadata":{"emulator":{"name":"functions"},"message":"File /home/user/evanparra-portfolio/functions/lib/agent.js.map changed, reloading triggers"}}
[debug] [2025-12-15T20:20:17.043Z] File /home/user/evanparra-portfolio/functions/lib/agent.js changed, reloading triggers {"metadata":{"emulator":{"name":"functions"},"message":"File /home/user/evanparra-portfolio/functions/lib/agent.js changed, reloading triggers"}}
[debug] [2025-12-15T20:20:17.090Z] File /home/user/evanparra-portfolio/functions/lib/vision.js.map changed, reloading triggers {"metadata":{"emulator":{"name":"functions"},"message":"File /home/user/evanparra-portfolio/functions/lib/vision.js.map changed, reloading triggers"}}
[debug] [2025-12-15T20:20:17.091Z] File /home/user/evanparra-portfolio/functions/lib/vision.js changed, reloading triggers {"metadata":{"emulator":{"name":"functions"},"message":"File /home/user/evanparra-portfolio/functions/lib/vision.js changed, reloading triggers"}}
[debug] [2025-12-15T20:20:17.168Z] File /home/user/evanparra-portfolio/functions/lib/index.js.map changed, reloading triggers {"metadata":{"emulator":{"name":"functions"},"message":"File /home/user/evanparra-portfolio/functions/lib/index.js.map changed, reloading triggers"}}
[debug] [2025-12-15T20:20:17.173Z] File /home/user/evanparra-portfolio/functions/lib/index.js changed, reloading triggers {"metadata":{"emulator":{"name":"functions"},"message":"File /home/user/evanparra-portfolio/functions/lib/index.js changed, reloading triggers"}}
[debug] [2025-12-15T20:20:18.173Z] Validating nodejs source
[debug] [2025-12-15T20:20:19.291Z] > [functions] package.json contents: {
  "name": "functions",
  "description": "Cloud Functions for Firebase",
  "engines": {
    "node": "22"
  },
  "main": "lib/index.js",
  "scripts": {
    "build": "tsc",
    "serve": "npm run build && firebase emulators:start --only functions",
    "shell": "npm run build && firebase functions:shell",
    "start": "npm run shell",
    "deploy": "firebase deploy --only functions",
    "logs": "firebase functions:log"
  },
  "dependencies": {
    "@genkit-ai/firebase": "^1.26.0",
    "@genkit-ai/googleai": "^1.26.0",
    "cors": "^2.8.5",
    "firebase-admin": "^13.6.0",
    "firebase-functions": "^7.0.1",
    "genkit": "^1.26.0",
    "zod": "^3.23.8"
  },
  "devDependencies": {
    "@types/cors": "^2.8.19",
    "dotenv": "^17.2.3",
    "firebase-functions-test": "^3.4.1",
    "typescript": "^5.4.5"
  },
  "private": true
}
[debug] [2025-12-15T20:20:19.292Z] Building nodejs source
[debug] [2025-12-15T20:20:19.292Z] Failed to find version of module node: reached end of search path /home/user/evanparra-portfolio/functions/node_modules
[warn] ⚠  functions: Your requested "node" version "22" doesn't match your global version "20". Using node@20 from host. 
[info] i  functions: Loaded environment variables from .env. 
[debug] [2025-12-15T20:20:19.303Z] Could not find functions.yaml. Must use http discovery
[debug] [2025-12-15T20:20:19.324Z] Found firebase-functions binary at '/home/user/evanparra-portfolio/functions/node_modules/.bin/firebase-functions'
[info] Serving at port 8169

[debug] [2025-12-15T20:20:21.729Z] Got response from /__/functions.yaml {"endpoints":{"bookingAgentFlow":{"availableMemoryMb":null,"timeoutSeconds":null,"minInstances":null,"maxInstances":null,"ingressSettings":null,"concurrency":null,"serviceAccountEmail":null,"vpc":null,"platform":"gcfv2","secretEnvironmentVariables":[{"key":"GOOGLE_GENAI_API_KEY"}],"labels":{},"callableTrigger":{},"entryPoint":"bookingAgentFlow"},"visionAnalysisFlow":{"availableMemoryMb":1024,"timeoutSeconds":60,"minInstances":null,"maxInstances":null,"ingressSettings":null,"concurrency":null,"serviceAccountEmail":null,"vpc":null,"platform":"gcfv2","secretEnvironmentVariables":[{"key":"GOOGLE_GENAI_API_KEY"}],"labels":{},"callableTrigger":{},"entryPoint":"visionAnalysisFlow"},"submitForm":{"availableMemoryMb":null,"timeoutSeconds":null,"minInstances":null,"maxInstances":null,"ingressSettings":null,"concurrency":null,"serviceAccountEmail":null,"vpc":null,"platform":"gcfv2","labels":{},"httpsTrigger":{},"entryPoint":"submitForm"}},"specVersion":"v1alpha1","requiredAPIs":[],"extensions":{}}
[info] ✔  functions: Loaded functions definitions from source: bookingAgentFlow, visionAnalysisFlow, submitForm. {"metadata":{"emulator":{"name":"functions"},"message":"Loaded functions definitions from source: bookingAgentFlow, visionAnalysisFlow, submitForm."}}
[debug] [2025-12-15T20:20:21.784Z] [worker-pool] Shutting down IDLE worker (us-central1-visionAnalysisFlow) {"metadata":{"emulator":{"name":"functions"},"message":"[worker-pool] Shutting down IDLE worker (us-central1-visionAnalysisFlow)"}}
[debug] [2025-12-15T20:20:21.784Z] [worker-us-central1-visionAnalysisFlow-a9cfaf14-8367-48ee-ad5a-b86ffb19cb68]: FINISHING {"metadata":{"emulator":{"name":"functions"},"function":{"name":"us-central1-visionAnalysisFlow"},"extension":{},"message":"[worker-us-central1-visionAnalysisFlow-a9cfaf14-8367-48ee-ad5a-b86ffb19cb68]: FINISHING"}}
[debug] [2025-12-15T20:20:21.842Z] [worker-us-central1-visionAnalysisFlow-a9cfaf14-8367-48ee-ad5a-b86ffb19cb68]: exited {"metadata":{"emulator":{"name":"functions"},"function":{"name":"us-central1-visionAnalysisFlow"},"extension":{},"message":"[worker-us-central1-visionAnalysisFlow-a9cfaf14-8367-48ee-ad5a-b86ffb19cb68]: exited"}}
[debug] [2025-12-15T20:20:21.844Z] [worker-us-central1-visionAnalysisFlow-a9cfaf14-8367-48ee-ad5a-b86ffb19cb68]: FINISHED {"metadata":{"emulator":{"name":"functions"},"function":{"name":"us-central1-visionAnalysisFlow"},"extension":{},"message":"[worker-us-central1-visionAnalysisFlow-a9cfaf14-8367-48ee-ad5a-b86ffb19cb68]: FINISHED"}}
